<?xml version="1.0" encoding="UTF-8"?>
<!-- Generated by org.testng.reporters.JUnitXMLReporter -->
<testsuite ignored="0" hostname="WL-JC8T9C3" failures="0" tests="11" name="Default test" time="2.079" errors="0" timestamp="2022-12-29T20:45:34 IST">
  <testcase classname="reports.ReportsManagerWithJson" name="WebloginApplication" time="0.01"/>
  <testcase classname="reports.ReportsManagerWithJson" name="addAddress_api" time="0.0"/>
  <testcase classname="reports.ReportsManagerWithJson" name="apiLogOutApplication" time="0.001"/>
  <testcase classname="reports.ReportsManagerWithJson" name="apiLoginApplication" time="0.001"/>
  <testcase classname="reports.ReportsManagerWithJson" name="api_updateAddress" time="0.002"/>
  <testcase classname="reports.ReportsManagerWithJson" name="apiorderAndroidPhone" time="0.001"/>
  <testcase classname="reports.ReportsManagerWithJson" name="apiorderHomeApplications" time="0.001"/>
  <testcase classname="reports.ReportsManagerWithJson" name="apiorderIphone" time="0.001"/>
  <testcase classname="reports.ReportsManagerWithJson" name="apiorderToys" time="0.002"/>
  <testcase classname="reports.ReportsManagerWithJson" name="buy43InchSmartTv" time="2.002"/>
  <testcase classname="reports.ReportsManagerWithJson" name="deleteAddress_api" time="0.001"/>
</testsuite> <!-- Default test -->
