<?xml version="1.0" encoding="UTF-8"?>
<!-- Generated by org.testng.reporters.JUnitXMLReporter -->
<testsuite ignored="0" hostname="WL-JC8T9C3" failures="0" tests="9" name="Default test" time="0.068" errors="0" timestamp="2022-12-26T20:11:36 IST">
  <testcase classname="com.test.e2e.WebBrowserModuleTest" name="LogOutApplication" time="0.007"/>
  <testcase classname="com.test.e2e.WebBrowserModuleTest" name="LoginApplication" time="0.001"/>
  <testcase classname="com.test.e2e.WebBrowserModuleTest" name="addAddress" time="0.001"/>
  <testcase classname="com.test.e2e.WebBrowserModuleTest" name="deleteAddress" time="0.002"/>
  <testcase classname="com.test.e2e.WebBrowserModuleTest" name="orderAndroidPhone" time="0.001"/>
  <testcase classname="com.test.e2e.WebBrowserModuleTest" name="orderHomeApplications" time="0.001"/>
  <testcase classname="com.test.e2e.WebBrowserModuleTest" name="orderIphone" time="0.001"/>
  <testcase classname="com.test.e2e.WebBrowserModuleTest" name="orderToys" time="0.001"/>
  <testcase classname="com.test.e2e.WebBrowserModuleTest" name="updateAddress" time="0.001"/>
</testsuite> <!-- Default test -->
