<?xml version="1.0" encoding="UTF-8"?>
<!-- Generated by org.testng.reporters.JUnitXMLReporter -->
<testsuite ignored="20" hostname="WL-JC8T9C3" failures="0" tests="16" name="Test" time="0.089" errors="0" timestamp="2022-12-27T20:56:04 IST">
  <testcase classname="com.test.e2e.APIModuleTest2" name="LogOutApplication" time="0.007"/>
  <testcase classname="com.test.e2e.APIModuleTest2" name="LoginApplication" time="0.001"/>
  <testcase classname="com.test.e2e.APIModuleTest2" name="addAddress" time="0.001"/>
  <testcase classname="com.test.e2e.APIModuleTest2" name="orderIphone" time="0.001"/>
  <testcase classname="com.test.e2e.WebBrowserModuleTest" name="LogOutApplication" time="0.001"/>
  <testcase classname="com.test.e2e.WebBrowserModuleTest" name="LoginApplication" time="0.001"/>
  <testcase classname="com.test.e2e.WebBrowserModuleTest" name="addAddress" time="0.002"/>
  <testcase classname="com.test.e2e.WebBrowserModuleTest" name="orderIphone" time="0.001"/>
  <testcase classname="com.test.e2e.MobileModuleTest" name="LogOutApplication" time="0.001"/>
  <testcase classname="com.test.e2e.MobileModuleTest" name="LoginApplication" time="0.001"/>
  <testcase classname="com.test.e2e.MobileModuleTest" name="addAddress" time="0.002"/>
  <testcase classname="com.test.e2e.MobileModuleTest" name="orderIphone" time="0.001"/>
  <testcase classname="com.test.e2e.APIModuleTest" name="LogOutApplication" time="0.0"/>
  <testcase classname="com.test.e2e.APIModuleTest" name="LoginApplication" time="0.001"/>
  <testcase classname="com.test.e2e.APIModuleTest" name="addAddress" time="0.001"/>
  <testcase classname="com.test.e2e.APIModuleTest" name="orderIphone" time="0.002"/>
  <testcase classname="com.test.e2e.MobileModuleTest" name="orderHomeApplications" time="0.0">
    <ignored/>
  </testcase> <!-- orderHomeApplications -->
  <testcase classname="com.test.e2e.MobileModuleTest" name="orderToys" time="0.0">
    <ignored/>
  </testcase> <!-- orderToys -->
  <testcase classname="com.test.e2e.APIModuleTest2" name="updateAddress" time="0.0">
    <ignored/>
  </testcase> <!-- updateAddress -->
  <testcase classname="com.test.e2e.APIModuleTest" name="orderAndroidPhone" time="0.0">
    <ignored/>
  </testcase> <!-- orderAndroidPhone -->
  <testcase classname="com.test.e2e.APIModuleTest" name="deleteAddress" time="0.0">
    <ignored/>
  </testcase> <!-- deleteAddress -->
  <testcase classname="com.test.e2e.WebBrowserModuleTest" name="orderToys" time="0.0">
    <ignored/>
  </testcase> <!-- orderToys -->
  <testcase classname="com.test.e2e.APIModuleTest" name="orderToys" time="0.0">
    <ignored/>
  </testcase> <!-- orderToys -->
  <testcase classname="com.test.e2e.APIModuleTest2" name="deleteAddress" time="0.0">
    <ignored/>
  </testcase> <!-- deleteAddress -->
  <testcase classname="com.test.e2e.WebBrowserModuleTest" name="orderAndroidPhone" time="0.0">
    <ignored/>
  </testcase> <!-- orderAndroidPhone -->
  <testcase classname="com.test.e2e.APIModuleTest" name="orderHomeApplications" time="0.0">
    <ignored/>
  </testcase> <!-- orderHomeApplications -->
  <testcase classname="com.test.e2e.WebBrowserModuleTest" name="deleteAddress" time="0.0">
    <ignored/>
  </testcase> <!-- deleteAddress -->
  <testcase classname="com.test.e2e.MobileModuleTest" name="orderAndroidPhone" time="0.0">
    <ignored/>
  </testcase> <!-- orderAndroidPhone -->
  <testcase classname="com.test.e2e.APIModuleTest2" name="orderToys" time="0.0">
    <ignored/>
  </testcase> <!-- orderToys -->
  <testcase classname="com.test.e2e.WebBrowserModuleTest" name="orderHomeApplications" time="0.0">
    <ignored/>
  </testcase> <!-- orderHomeApplications -->
  <testcase classname="com.test.e2e.APIModuleTest2" name="orderAndroidPhone" time="0.0">
    <ignored/>
  </testcase> <!-- orderAndroidPhone -->
  <testcase classname="com.test.e2e.APIModuleTest" name="updateAddress" time="0.0">
    <ignored/>
  </testcase> <!-- updateAddress -->
  <testcase classname="com.test.e2e.MobileModuleTest" name="deleteAddress" time="0.0">
    <ignored/>
  </testcase> <!-- deleteAddress -->
  <testcase classname="com.test.e2e.APIModuleTest2" name="orderHomeApplications" time="0.0">
    <ignored/>
  </testcase> <!-- orderHomeApplications -->
  <testcase classname="com.test.e2e.WebBrowserModuleTest" name="updateAddress" time="0.0">
    <ignored/>
  </testcase> <!-- updateAddress -->
  <testcase classname="com.test.e2e.MobileModuleTest" name="updateAddress" time="0.0">
    <ignored/>
  </testcase> <!-- updateAddress -->
</testsuite> <!-- Test -->
