<?xml version="1.0" encoding="UTF-8"?>
<!-- Generated by org.testng.reporters.JUnitXMLReporter -->
<testsuite ignored="9" hostname="WL-JC8T9C3" failures="0" tests="19" name="Test" time="0.11" errors="0" timestamp="2022-12-26T21:10:34 IST">
  <testcase classname="e2e.WebBrowserModuleTest" name="LogOutApplication" time="0.007"/>
  <testcase classname="e2e.WebBrowserModuleTest" name="LoginApplication" time="0.0"/>
  <testcase classname="e2e.WebBrowserModuleTest" name="addAddress" time="0.001"/>
  <testcase classname="e2e.WebBrowserModuleTest" name="deleteAddress" time="0.001"/>
  <testcase classname="e2e.WebBrowserModuleTest" name="orderAndroidPhone" time="0.0"/>
  <testcase classname="e2e.WebBrowserModuleTest" name="orderHomeApplications" time="0.001"/>
  <testcase classname="e2e.WebBrowserModuleTest" name="orderIphone" time="0.001"/>
  <testcase classname="e2e.WebBrowserModuleTest" name="orderToys" time="0.0"/>
  <testcase classname="e2e.WebBrowserModuleTest" name="payment" time="0.001"/>
  <testcase classname="e2e.WebBrowserModuleTest" name="updateAddress" time="0.001"/>
  <testcase classname="e2e.MobileModuleTest" name="LogOutApplication" time="0.001"/>
  <testcase classname="e2e.MobileModuleTest" name="LoginApplication" time="0.001"/>
  <testcase classname="e2e.MobileModuleTest" name="addAddress" time="0.001"/>
  <testcase classname="e2e.MobileModuleTest" name="deleteAddress" time="0.001"/>
  <testcase classname="e2e.MobileModuleTest" name="orderAndroidPhone" time="0.001"/>
  <testcase classname="e2e.MobileModuleTest" name="orderHomeApplications" time="0.001"/>
  <testcase classname="e2e.MobileModuleTest" name="orderIphone" time="0.001"/>
  <testcase classname="e2e.MobileModuleTest" name="orderToys" time="0.001"/>
  <testcase classname="e2e.MobileModuleTest" name="updateAddress" time="0.003"/>
  <testcase classname="e2e.APIModuleTest" name="addAddress_api" time="0.0">
    <ignored/>
  </testcase> <!-- addAddress_api -->
  <testcase classname="e2e.APIModuleTest" name="deleteAddress_api" time="0.0">
    <ignored/>
  </testcase> <!-- deleteAddress_api -->
  <testcase classname="e2e.APIModuleTest" name="apiorderHomeApplications" time="0.0">
    <ignored/>
  </testcase> <!-- apiorderHomeApplications -->
  <testcase classname="e2e.APIModuleTest" name="apiorderAndroidPhone" time="0.0">
    <ignored/>
  </testcase> <!-- apiorderAndroidPhone -->
  <testcase classname="e2e.APIModuleTest" name="apiorderToys" time="0.0">
    <ignored/>
  </testcase> <!-- apiorderToys -->
  <testcase classname="e2e.APIModuleTest" name="apiLogOutApplication" time="0.0">
    <ignored/>
  </testcase> <!-- apiLogOutApplication -->
  <testcase classname="e2e.APIModuleTest" name="apiorderIphone" time="0.0">
    <ignored/>
  </testcase> <!-- apiorderIphone -->
  <testcase classname="e2e.APIModuleTest" name="api_updateAddress" time="0.0">
    <ignored/>
  </testcase> <!-- api_updateAddress -->
  <testcase classname="e2e.APIModuleTest" name="apiLoginApplication" time="0.0">
    <ignored/>
  </testcase> <!-- apiLoginApplication -->
</testsuite> <!-- Test -->
