<?xml version="1.0" encoding="UTF-8"?>
<!-- Generated by org.testng.reporters.JUnitXMLReporter -->
<testsuite ignored="0" hostname="WL-JC8T9C3" failures="0" tests="36" name="Test" time="0.114" errors="0" timestamp="2022-12-29T19:48:41 IST">
  <testcase classname="com.test.e2e.APIModuleTest" name="LogOutApplication" time="0.004"/>
  <testcase classname="com.test.e2e.APIModuleTest" name="LoginApplication" time="0.001"/>
  <testcase classname="com.test.e2e.APIModuleTest" name="addAddress" time="0.0"/>
  <testcase classname="com.test.e2e.APIModuleTest" name="deleteAddress" time="0.0"/>
  <testcase classname="com.test.e2e.APIModuleTest" name="orderAndroidPhone" time="0.0"/>
  <testcase classname="com.test.e2e.APIModuleTest" name="orderHomeApplications" time="0.001"/>
  <testcase classname="com.test.e2e.APIModuleTest" name="orderIphone" time="0.0"/>
  <testcase classname="com.test.e2e.APIModuleTest" name="orderToys" time="0.0"/>
  <testcase classname="com.test.e2e.APIModuleTest" name="updateAddress" time="0.0"/>
  <testcase classname="com.test.e2e.APIModuleTest2" name="LogOutApplication" time="0.001"/>
  <testcase classname="com.test.e2e.APIModuleTest2" name="LoginApplication" time="0.001"/>
  <testcase classname="com.test.e2e.APIModuleTest2" name="addAddress" time="0.0"/>
  <testcase classname="com.test.e2e.APIModuleTest2" name="deleteAddress" time="0.001"/>
  <testcase classname="com.test.e2e.APIModuleTest2" name="orderAndroidPhone" time="0.001"/>
  <testcase classname="com.test.e2e.APIModuleTest2" name="orderHomeApplications" time="0.0"/>
  <testcase classname="com.test.e2e.APIModuleTest2" name="orderIphone" time="0.0"/>
  <testcase classname="com.test.e2e.APIModuleTest2" name="orderToys" time="0.0"/>
  <testcase classname="com.test.e2e.APIModuleTest2" name="updateAddress" time="0.0"/>
  <testcase classname="com.test.e2e.MobileModuleTest" name="LogOutApplication" time="0.0"/>
  <testcase classname="com.test.e2e.MobileModuleTest" name="LoginApplication" time="0.0"/>
  <testcase classname="com.test.e2e.MobileModuleTest" name="addAddress" time="0.001"/>
  <testcase classname="com.test.e2e.MobileModuleTest" name="deleteAddress" time="0.001"/>
  <testcase classname="com.test.e2e.MobileModuleTest" name="orderAndroidPhone" time="0.001"/>
  <testcase classname="com.test.e2e.MobileModuleTest" name="orderHomeApplications" time="0.0"/>
  <testcase classname="com.test.e2e.MobileModuleTest" name="orderIphone" time="0.0"/>
  <testcase classname="com.test.e2e.MobileModuleTest" name="orderToys" time="0.0"/>
  <testcase classname="com.test.e2e.MobileModuleTest" name="updateAddress" time="0.001"/>
  <testcase classname="com.test.e2e.WebBrowserModuleTest" name="LogOutApplication" time="0.0"/>
  <testcase classname="com.test.e2e.WebBrowserModuleTest" name="LoginApplication" time="0.0"/>
  <testcase classname="com.test.e2e.WebBrowserModuleTest" name="addAddress" time="0.001"/>
  <testcase classname="com.test.e2e.WebBrowserModuleTest" name="deleteAddress" time="0.0"/>
  <testcase classname="com.test.e2e.WebBrowserModuleTest" name="orderAndroidPhone" time="0.0"/>
  <testcase classname="com.test.e2e.WebBrowserModuleTest" name="orderHomeApplications" time="0.0"/>
  <testcase classname="com.test.e2e.WebBrowserModuleTest" name="orderIphone" time="0.0"/>
  <testcase classname="com.test.e2e.WebBrowserModuleTest" name="orderToys" time="0.0"/>
  <testcase classname="com.test.e2e.WebBrowserModuleTest" name="updateAddress" time="0.0"/>
</testsuite> <!-- Test -->
