<?xml version="1.0" encoding="UTF-8"?>
<testng-results ignored="0" total="2" passed="2" failed="0" skipped="0">
  <reporter-output>
  </reporter-output>
  <suite started-at="2023-01-06T21:01:51 IST" name="Default suite" finished-at="2023-01-06T21:02:13 IST" duration-ms="21732">
    <groups>
    </groups>
    <test started-at="2023-01-06T21:01:51 IST" name="Default test" finished-at="2023-01-06T21:02:13 IST" duration-ms="21732">
      <class name="com.annabathina.orm.tests.v2.OrmLoginV2Test">
        <test-method is-config="true" signature="OpenApplicationInWebBrowser()[pri:0, instance:com.annabathina.orm.tests.v2.OrmLoginV2Test@290222c1]" started-at="2023-01-06T21:01:51 IST" name="OpenApplicationInWebBrowser" finished-at="2023-01-06T21:01:56 IST" duration-ms="4846" status="PASS">
          <reporter-output>
          </reporter-output>
        </test-method> <!-- OpenApplicationInWebBrowser -->
        <test-method signature="ormApplicationLoginAndlogoutVerification()[pri:0, instance:com.annabathina.orm.tests.v2.OrmLoginV2Test@290222c1]" started-at="2023-01-06T21:01:56 IST" name="ormApplicationLoginAndlogoutVerification" finished-at="2023-01-06T21:02:04 IST" duration-ms="8459" status="PASS">
          <reporter-output>
          </reporter-output>
        </test-method> <!-- ormApplicationLoginAndlogoutVerification -->
        <test-method is-config="true" signature="closeBrowser()[pri:0, instance:com.annabathina.orm.tests.v2.OrmLoginV2Test@290222c1]" started-at="2023-01-06T21:02:04 IST" name="closeBrowser" finished-at="2023-01-06T21:02:05 IST" duration-ms="282" status="PASS">
          <reporter-output>
          </reporter-output>
        </test-method> <!-- closeBrowser -->
        <test-method is-config="true" signature="OpenApplicationInWebBrowser()[pri:0, instance:com.annabathina.orm.tests.v2.OrmLoginV2Test@290222c1]" started-at="2023-01-06T21:02:05 IST" name="OpenApplicationInWebBrowser" finished-at="2023-01-06T21:02:09 IST" duration-ms="4033" status="PASS">
          <reporter-output>
          </reporter-output>
        </test-method> <!-- OpenApplicationInWebBrowser -->
        <test-method signature="ormApplicationLoginAndlogoutVerificationV2()[pri:0, instance:com.annabathina.orm.tests.v2.OrmLoginV2Test@290222c1]" started-at="2023-01-06T21:02:09 IST" name="ormApplicationLoginAndlogoutVerificationV2" finished-at="2023-01-06T21:02:13 IST" duration-ms="3821" status="PASS">
          <reporter-output>
          </reporter-output>
        </test-method> <!-- ormApplicationLoginAndlogoutVerificationV2 -->
        <test-method is-config="true" signature="closeBrowser()[pri:0, instance:com.annabathina.orm.tests.v2.OrmLoginV2Test@290222c1]" started-at="2023-01-06T21:02:13 IST" name="closeBrowser" finished-at="2023-01-06T21:02:13 IST" duration-ms="236" status="PASS">
          <reporter-output>
          </reporter-output>
        </test-method> <!-- closeBrowser -->
      </class> <!-- com.annabathina.orm.tests.v2.OrmLoginV2Test -->
    </test> <!-- Default test -->
  </suite> <!-- Default suite -->
</testng-results>
